<?xml version="1.0" encoding="UTF-8"?>
<!-- Generated by org.testng.reporters.JUnitReportReporter -->
<testsuite hostname="IA-BTM-L064" failures="0" tests="10" name="runners.TestRunner" time="11.653" errors="0" timestamp="2025-06-09T20:26:10 WIB" skipped="0">
  <testcase classname="runners.TestRunner" name="runScenario" time="0.778"/>
  <testcase classname="runners.TestRunner" name="runScenario" time="3.247"/>
  <testcase classname="runners.TestRunner" name="runScenario" time="0.812"/>
  <testcase classname="runners.TestRunner" name="runScenario" time="0.729"/>
  <testcase classname="runners.TestRunner" name="runScenario" time="0.720"/>
  <testcase classname="runners.TestRunner" name="runScenario" time="1.682"/>
  <testcase classname="runners.TestRunner" name="runScenario" time="0.650"/>
  <testcase classname="runners.TestRunner" name="runScenario" time="1.659"/>
  <testcase classname="runners.TestRunner" name="runScenario" time="0.753"/>
  <testcase classname="runners.TestRunner" name="runScenario" time="0.623"/>
</testsuite> <!-- runners.TestRunner -->
