<?xml version="1.0" encoding="UTF-8"?>
<!-- Generated by org.testng.reporters.JUnitReportReporter -->
<testsuite hostname="IA-BTM-L064" failures="0" tests="1" name="selenium.selenium_e2e.LoginScenario" time="4.198" errors="0" timestamp="2025-06-25T11:49:08 WIB" skipped="0">
  <testcase classname="selenium.selenium_e2e.LoginScenario" name="Logout" time="4.198"/>
</testsuite> <!-- selenium.selenium_e2e.LoginScenario -->
