<?xml version="1.0" encoding="UTF-8"?>
<!-- Generated by org.testng.reporters.JUnitReportReporter -->
<testsuite hostname="IA-BTM-L064" failures="0" tests="7" name="runners.TestRunner" time="9.110" errors="0" timestamp="2025-06-08T21:44:55 WIB" skipped="0">
  <testcase classname="runners.TestRunner" name="runScenario" time="4.070"/>
  <testcase classname="runners.TestRunner" name="runScenario" time="0.790"/>
  <testcase classname="runners.TestRunner" name="runScenario" time="0.941"/>
  <testcase classname="runners.TestRunner" name="runScenario" time="0.711"/>
  <testcase classname="runners.TestRunner" name="runScenario" time="1.144"/>
  <testcase classname="runners.TestRunner" name="runScenario" time="0.679"/>
  <testcase classname="runners.TestRunner" name="runScenario" time="0.775"/>
</testsuite> <!-- runners.TestRunner -->
