<?xml version="1.0" encoding="UTF-8"?>
<!-- Generated by org.testng.reporters.JUnitReportReporter -->
<testsuite hostname="IA-BTM-L064" failures="0" tests="1" name="selenium.locator.HandleWindow" time="3.697" errors="0" timestamp="2025-06-21T11:25:45 WIB" skipped="0">
  <testcase classname="selenium.locator.HandleWindow" name="handleWindowTest" time="3.697"/>
</testsuite> <!-- selenium.locator.HandleWindow -->
