<?xml version="1.0" encoding="UTF-8"?>
<!-- Generated by org.testng.reporters.JUnitReportReporter -->
<testsuite hostname="IA-BTM-L064" failures="0" tests="1" name="restassured.RestAssuredImpl" time="2.625" errors="0" timestamp="2025-05-18T20:08:37 WIB" skipped="0">
  <testcase classname="restassured.RestAssuredImpl" name="Register" time="2.625"/>
</testsuite> <!-- restassured.RestAssuredImpl -->
