<?xml version="1.0" encoding="UTF-8"?>
<!-- Generated by org.testng.reporters.JUnitReportReporter -->
<testsuite hostname="IA-BTM-L064" failures="0" tests="2" name="selenium.selenium_scenario.CheckoutTest" time="27.819" errors="0" timestamp="2025-06-22T11:39:46 WIB" skipped="0">
  <testcase classname="selenium.selenium_scenario.CheckoutTest" name="CheckoutScenarioTest" time="14.595"/>
  <testcase classname="selenium.selenium_scenario.CheckoutTest" name="LoginWithValidCredentials" time="13.224"/>
</testsuite> <!-- selenium.selenium_scenario.CheckoutTest -->
