<?xml version="1.0" encoding="UTF-8"?>
<!-- Generated by org.testng.reporters.JUnitReportReporter -->
<testsuite hostname="IA-BTM-L064" failures="0" tests="1" name="selenium.locator.SeleniumIntroduction" time="9.733" errors="0" timestamp="2025-06-15T10:46:02 WIB" skipped="0">
  <testcase classname="selenium.locator.SeleniumIntroduction" name="loginScenario" time="9.733"/>
</testsuite> <!-- selenium.locator.SeleniumIntroduction -->
