<?xml version="1.0" encoding="UTF-8"?>
<testsuite xmlns:xsi="http://www.w3.org/2001/XMLSchema-instance" xsi:noNamespaceSchemaLocation="https://maven.apache.org/surefire/maven-surefire-plugin/xsd/surefire-test-report-3.0.xsd" version="3.0" name="restassured.RestAssuredImpl" time="3.125" tests="1" errors="0" skipped="0" failures="0">
  <properties>
    <property name="java.specification.version" value="24"/>
    <property name="sun.cpu.isalist" value="amd64"/>
    <property name="sun.jnu.encoding" value="Cp1252"/>
    <property name="java.class.path" value="C:\Users\trisni.yuliana\Downloads\Bootcamp\apiautomation\target\test-classes;C:\Users\trisni.yuliana\Downloads\Bootcamp\apiautomation\target\classes;C:\Users\trisni.yuliana\.m2\repository\org\testng\testng\7.11.0\testng-7.11.0.jar;C:\Users\trisni.yuliana\.m2\repository\org\slf4j\slf4j-api\2.0.16\slf4j-api-2.0.16.jar;C:\Users\trisni.yuliana\.m2\repository\org\jcommander\jcommander\1.83\jcommander-1.83.jar;C:\Users\trisni.yuliana\.m2\repository\org\webjars\jquery\3.7.1\jquery-3.7.1.jar;C:\Users\trisni.yuliana\.m2\repository\io\rest-assured\rest-assured\5.5.2\rest-assured-5.5.2.jar;C:\Users\trisni.yuliana\.m2\repository\org\apache\groovy\groovy\4.0.22\groovy-4.0.22.jar;C:\Users\trisni.yuliana\.m2\repository\org\apache\groovy\groovy-xml\4.0.22\groovy-xml-4.0.22.jar;C:\Users\trisni.yuliana\.m2\repository\org\apache\httpcomponents\httpclient\4.5.13\httpclient-4.5.13.jar;C:\Users\trisni.yuliana\.m2\repository\org\apache\httpcomponents\httpcore\4.4.13\httpcore-4.4.13.jar;C:\Users\trisni.yuliana\.m2\repository\commons-logging\commons-logging\1.2\commons-logging-1.2.jar;C:\Users\trisni.yuliana\.m2\repository\commons-codec\commons-codec\1.11\commons-codec-1.11.jar;C:\Users\trisni.yuliana\.m2\repository\org\apache\httpcomponents\httpmime\4.5.13\httpmime-4.5.13.jar;C:\Users\trisni.yuliana\.m2\repository\org\hamcrest\hamcrest\2.2\hamcrest-2.2.jar;C:\Users\trisni.yuliana\.m2\repository\org\ccil\cowan\tagsoup\tagsoup\1.2.1\tagsoup-1.2.1.jar;C:\Users\trisni.yuliana\.m2\repository\io\rest-assured\json-path\5.5.2\json-path-5.5.2.jar;C:\Users\trisni.yuliana\.m2\repository\org\apache\groovy\groovy-json\4.0.22\groovy-json-4.0.22.jar;C:\Users\trisni.yuliana\.m2\repository\io\rest-assured\rest-assured-common\5.5.2\rest-assured-common-5.5.2.jar;C:\Users\trisni.yuliana\.m2\repository\io\rest-assured\xml-path\5.5.2\xml-path-5.5.2.jar;C:\Users\trisni.yuliana\.m2\repository\org\apache\commons\commons-lang3\3.16.0\commons-lang3-3.16.0.jar;"/>
    <property name="java.vm.vendor" value="Oracle Corporation"/>
    <property name="sun.arch.data.model" value="64"/>
    <property name="user.variant" value=""/>
    <property name="java.vendor.url" value="https://java.oracle.com/"/>
    <property name="user.timezone" value="Asia/Jakarta"/>
    <property name="os.name" value="Windows 10"/>
    <property name="java.vm.specification.version" value="24"/>
    <property name="user.country" value="ID"/>
    <property name="sun.java.launcher" value="SUN_STANDARD"/>
    <property name="sun.boot.library.path" value="C:\Program Files\Java\jdk-24\bin"/>
    <property name="sun.java.command" value="C:\Users\trisni.yuliana\AppData\Local\Temp\surefire11596348430839337791\surefirebooter-20250518200833698_3.jar C:\Users\trisni.yuliana\AppData\Local\Temp\surefire11596348430839337791 2025-05-18T20-08-33_524-jvmRun1 surefire-20250518200833698_1tmp surefire_0-20250518200833698_2tmp"/>
    <property name="jdk.debug" value="release"/>
    <property name="test" value="restassured.RestAssuredImpl#Register"/>
    <property name="surefire.test.class.path" value="C:\Users\trisni.yuliana\Downloads\Bootcamp\apiautomation\target\test-classes;C:\Users\trisni.yuliana\Downloads\Bootcamp\apiautomation\target\classes;C:\Users\trisni.yuliana\.m2\repository\org\testng\testng\7.11.0\testng-7.11.0.jar;C:\Users\trisni.yuliana\.m2\repository\org\slf4j\slf4j-api\2.0.16\slf4j-api-2.0.16.jar;C:\Users\trisni.yuliana\.m2\repository\org\jcommander\jcommander\1.83\jcommander-1.83.jar;C:\Users\trisni.yuliana\.m2\repository\org\webjars\jquery\3.7.1\jquery-3.7.1.jar;C:\Users\trisni.yuliana\.m2\repository\io\rest-assured\rest-assured\5.5.2\rest-assured-5.5.2.jar;C:\Users\trisni.yuliana\.m2\repository\org\apache\groovy\groovy\4.0.22\groovy-4.0.22.jar;C:\Users\trisni.yuliana\.m2\repository\org\apache\groovy\groovy-xml\4.0.22\groovy-xml-4.0.22.jar;C:\Users\trisni.yuliana\.m2\repository\org\apache\httpcomponents\httpclient\4.5.13\httpclient-4.5.13.jar;C:\Users\trisni.yuliana\.m2\repository\org\apache\httpcomponents\httpcore\4.4.13\httpcore-4.4.13.jar;C:\Users\trisni.yuliana\.m2\repository\commons-logging\commons-logging\1.2\commons-logging-1.2.jar;C:\Users\trisni.yuliana\.m2\repository\commons-codec\commons-codec\1.11\commons-codec-1.11.jar;C:\Users\trisni.yuliana\.m2\repository\org\apache\httpcomponents\httpmime\4.5.13\httpmime-4.5.13.jar;C:\Users\trisni.yuliana\.m2\repository\org\hamcrest\hamcrest\2.2\hamcrest-2.2.jar;C:\Users\trisni.yuliana\.m2\repository\org\ccil\cowan\tagsoup\tagsoup\1.2.1\tagsoup-1.2.1.jar;C:\Users\trisni.yuliana\.m2\repository\io\rest-assured\json-path\5.5.2\json-path-5.5.2.jar;C:\Users\trisni.yuliana\.m2\repository\org\apache\groovy\groovy-json\4.0.22\groovy-json-4.0.22.jar;C:\Users\trisni.yuliana\.m2\repository\io\rest-assured\rest-assured-common\5.5.2\rest-assured-common-5.5.2.jar;C:\Users\trisni.yuliana\.m2\repository\io\rest-assured\xml-path\5.5.2\xml-path-5.5.2.jar;C:\Users\trisni.yuliana\.m2\repository\org\apache\commons\commons-lang3\3.16.0\commons-lang3-3.16.0.jar;"/>
    <property name="sun.cpu.endian" value="little"/>
    <property name="user.home" value="C:\Users\trisni.yuliana"/>
    <property name="user.language" value="en"/>
    <property name="java.specification.vendor" value="Oracle Corporation"/>
    <property name="java.version.date" value="2025-04-15"/>
    <property name="java.home" value="C:\Program Files\Java\jdk-24"/>
    <property name="file.separator" value="\"/>
    <property name="basedir" value="C:\Users\trisni.yuliana\Downloads\Bootcamp\apiautomation"/>
    <property name="java.vm.compressedOopsMode" value="Zero based"/>
    <property name="line.separator" value="&#10;"/>
    <property name="java.vm.specification.vendor" value="Oracle Corporation"/>
    <property name="java.specification.name" value="Java Platform API Specification"/>
    <property name="surefire.real.class.path" value="C:\Users\trisni.yuliana\AppData\Local\Temp\surefire11596348430839337791\surefirebooter-20250518200833698_3.jar"/>
    <property name="user.script" value=""/>
    <property name="sun.management.compiler" value="HotSpot 64-Bit Tiered Compilers"/>
    <property name="java.runtime.version" value="24.0.1+9-30"/>
    <property name="user.name" value="trisni.yuliana"/>
    <property name="stdout.encoding" value="Cp1252"/>
    <property name="path.separator" value=";"/>
    <property name="os.version" value="10.0"/>
    <property name="java.runtime.name" value="Java(TM) SE Runtime Environment"/>
    <property name="file.encoding" value="UTF-8"/>
    <property name="java.vm.name" value="Java HotSpot(TM) 64-Bit Server VM"/>
    <property name="maven.ext.class.path" value="C:\Users\trisni.yuliana\.vscode\extensions\oracle.oracle-java-24.0.0\nbcode\java\maven-nblib\netbeans-eventspy.jar"/>
    <property name="localRepository" value="C:\Users\trisni.yuliana\.m2\repository"/>
    <property name="java.vendor.url.bug" value="https://bugreport.java.com/bugreport/"/>
    <property name="java.io.tmpdir" value="C:\Users\TRISNI~1.YUL\AppData\Local\Temp\"/>
    <property name="java.version" value="24.0.1"/>
    <property name="user.dir" value="C:\Users\trisni.yuliana\Downloads\Bootcamp\apiautomation"/>
    <property name="os.arch" value="amd64"/>
    <property name="java.vm.specification.name" value="Java Virtual Machine Specification"/>
    <property name="sun.os.patch.level" value=""/>
    <property name="native.encoding" value="Cp1252"/>
    <property name="java.library.path" value="C:\Program Files\Java\jdk-24\bin;C:\Windows\Sun\Java\bin;C:\Windows\system32;C:\Windows;C:\Program Files\Common Files\Oracle\Java\javapath;C:\Program Files (x86)\VMware\VMware Player\bin\;C:\Windows\system32;C:\Windows;C:\Windows\System32\Wbem;C:\Windows\System32\WindowsPowerShell\v1.0\;C:\Windows\System32\OpenSSH\C:\Program Files\Java\jdk-24\bin;C:\Program Files\Maven\apache-maven-3.9.9\bin;C:\Users\trisni.yuliana\AppData\Local\Microsoft\WindowsApps;C:\Users\trisni.yuliana\AppData\Local\Programs\Microsoft VS Code\bin;C:\Users\trisni.yuliana\.dotnet\tools;."/>
    <property name="java.vm.info" value="mixed mode, sharing"/>
    <property name="stderr.encoding" value="Cp1252"/>
    <property name="java.vendor" value="Oracle Corporation"/>
    <property name="java.vm.version" value="24.0.1+9-30"/>
    <property name="sun.io.unicode.encoding" value="UnicodeLittle"/>
    <property name="java.class.version" value="68.0"/>
  </properties>
  <testcase name="Register" classname="restassured.RestAssuredImpl" time="2.625">
    <system-out><![CDATA[Request method:	POST
Request URI:	https://whitesmokehouse.com/webhook/api/register
Proxy:			<none>
Request params:	<none>
Query params:	<none>
Form params:	<none>
Path params:	<none>
Headers:		Accept=*/*
				Content-Type=application/json
Cookies:		<none>
Multiparts:		<none>
Body:
{
    "email": "testqa.wrc4@gmail.com",
    "full_name": "Test",
    "password": "@dmin123",
    "department": "Technology",
    "phone_number": "085611789000"
}
Response: {
    "id": "78",
    "email": "testqa.wrc4@gmail.com",
    "full_name": "Test",
    "department": "Technology",
    "phone_number": "085611789000",
    "create_at": "2025-05-18T13:08:36.261Z",
    "update_at": "2025-05-18T13:08:36.261Z"
}
]]></system-out>
    <system-err><![CDATA[SLF4J(W): No SLF4J providers were found.
SLF4J(W): Defaulting to no-operation (NOP) logger implementation
SLF4J(W): See https://www.slf4j.org/codes.html#noProviders for further details.
]]></system-err>
  </testcase>
</testsuite>