<?xml version="1.0" encoding="UTF-8"?>
<testsuite xmlns:xsi="http://www.w3.org/2001/XMLSchema-instance" xsi:noNamespaceSchemaLocation="https://maven.apache.org/surefire/maven-surefire-plugin/xsd/surefire-test-report-3.0.xsd" version="3.0" name="pojo.PojoE2EImpl" time="4.66" tests="1" errors="0" skipped="0" failures="1">
  <properties>
    <property name="java.specification.version" value="24"/>
    <property name="sun.cpu.isalist" value="amd64"/>
    <property name="sun.jnu.encoding" value="Cp1252"/>
    <property name="java.class.path" value="C:\Users\trisni.yuliana\Downloads\Bootcamp\apiautomation\target\test-classes;C:\Users\trisni.yuliana\Downloads\Bootcamp\apiautomation\target\classes;C:\Users\trisni.yuliana\.m2\repository\org\testng\testng\7.11.0\testng-7.11.0.jar;C:\Users\trisni.yuliana\.m2\repository\org\slf4j\slf4j-api\2.0.16\slf4j-api-2.0.16.jar;C:\Users\trisni.yuliana\.m2\repository\org\jcommander\jcommander\1.83\jcommander-1.83.jar;C:\Users\trisni.yuliana\.m2\repository\org\webjars\jquery\3.7.1\jquery-3.7.1.jar;C:\Users\trisni.yuliana\.m2\repository\io\rest-assured\rest-assured\5.5.2\rest-assured-5.5.2.jar;C:\Users\trisni.yuliana\.m2\repository\org\apache\groovy\groovy\4.0.22\groovy-4.0.22.jar;C:\Users\trisni.yuliana\.m2\repository\org\apache\groovy\groovy-xml\4.0.22\groovy-xml-4.0.22.jar;C:\Users\trisni.yuliana\.m2\repository\org\apache\httpcomponents\httpclient\4.5.13\httpclient-4.5.13.jar;C:\Users\trisni.yuliana\.m2\repository\org\apache\httpcomponents\httpcore\4.4.13\httpcore-4.4.13.jar;C:\Users\trisni.yuliana\.m2\repository\commons-logging\commons-logging\1.2\commons-logging-1.2.jar;C:\Users\trisni.yuliana\.m2\repository\commons-codec\commons-codec\1.11\commons-codec-1.11.jar;C:\Users\trisni.yuliana\.m2\repository\org\apache\httpcomponents\httpmime\4.5.13\httpmime-4.5.13.jar;C:\Users\trisni.yuliana\.m2\repository\org\hamcrest\hamcrest\2.2\hamcrest-2.2.jar;C:\Users\trisni.yuliana\.m2\repository\org\ccil\cowan\tagsoup\tagsoup\1.2.1\tagsoup-1.2.1.jar;C:\Users\trisni.yuliana\.m2\repository\io\rest-assured\json-path\5.5.2\json-path-5.5.2.jar;C:\Users\trisni.yuliana\.m2\repository\org\apache\groovy\groovy-json\4.0.22\groovy-json-4.0.22.jar;C:\Users\trisni.yuliana\.m2\repository\io\rest-assured\rest-assured-common\5.5.2\rest-assured-common-5.5.2.jar;C:\Users\trisni.yuliana\.m2\repository\io\rest-assured\xml-path\5.5.2\xml-path-5.5.2.jar;C:\Users\trisni.yuliana\.m2\repository\org\apache\commons\commons-lang3\3.16.0\commons-lang3-3.16.0.jar;C:\Users\trisni.yuliana\.m2\repository\com\fasterxml\jackson\core\jackson-databind\2.19.0\jackson-databind-2.19.0.jar;C:\Users\trisni.yuliana\.m2\repository\com\fasterxml\jackson\core\jackson-annotations\2.19.0\jackson-annotations-2.19.0.jar;C:\Users\trisni.yuliana\.m2\repository\com\fasterxml\jackson\core\jackson-core\2.19.0\jackson-core-2.19.0.jar;"/>
    <property name="java.vm.vendor" value="Oracle Corporation"/>
    <property name="sun.arch.data.model" value="64"/>
    <property name="user.variant" value=""/>
    <property name="java.vendor.url" value="https://java.oracle.com/"/>
    <property name="user.timezone" value="Asia/Jakarta"/>
    <property name="os.name" value="Windows 10"/>
    <property name="java.vm.specification.version" value="24"/>
    <property name="user.country" value="ID"/>
    <property name="sun.java.launcher" value="SUN_STANDARD"/>
    <property name="sun.boot.library.path" value="C:\Program Files\Java\jdk-24\bin"/>
    <property name="sun.java.command" value="C:\Users\trisni.yuliana\AppData\Local\Temp\surefire16726715451849788061\surefirebooter-20250525170603347_3.jar C:\Users\trisni.yuliana\AppData\Local\Temp\surefire16726715451849788061 2025-05-25T17-06-03_103-jvmRun1 surefire-20250525170603347_1tmp surefire_0-20250525170603347_2tmp"/>
    <property name="jdk.debug" value="release"/>
    <property name="test" value="pojo.PojoE2EImpl#createNewObject"/>
    <property name="surefire.test.class.path" value="C:\Users\trisni.yuliana\Downloads\Bootcamp\apiautomation\target\test-classes;C:\Users\trisni.yuliana\Downloads\Bootcamp\apiautomation\target\classes;C:\Users\trisni.yuliana\.m2\repository\org\testng\testng\7.11.0\testng-7.11.0.jar;C:\Users\trisni.yuliana\.m2\repository\org\slf4j\slf4j-api\2.0.16\slf4j-api-2.0.16.jar;C:\Users\trisni.yuliana\.m2\repository\org\jcommander\jcommander\1.83\jcommander-1.83.jar;C:\Users\trisni.yuliana\.m2\repository\org\webjars\jquery\3.7.1\jquery-3.7.1.jar;C:\Users\trisni.yuliana\.m2\repository\io\rest-assured\rest-assured\5.5.2\rest-assured-5.5.2.jar;C:\Users\trisni.yuliana\.m2\repository\org\apache\groovy\groovy\4.0.22\groovy-4.0.22.jar;C:\Users\trisni.yuliana\.m2\repository\org\apache\groovy\groovy-xml\4.0.22\groovy-xml-4.0.22.jar;C:\Users\trisni.yuliana\.m2\repository\org\apache\httpcomponents\httpclient\4.5.13\httpclient-4.5.13.jar;C:\Users\trisni.yuliana\.m2\repository\org\apache\httpcomponents\httpcore\4.4.13\httpcore-4.4.13.jar;C:\Users\trisni.yuliana\.m2\repository\commons-logging\commons-logging\1.2\commons-logging-1.2.jar;C:\Users\trisni.yuliana\.m2\repository\commons-codec\commons-codec\1.11\commons-codec-1.11.jar;C:\Users\trisni.yuliana\.m2\repository\org\apache\httpcomponents\httpmime\4.5.13\httpmime-4.5.13.jar;C:\Users\trisni.yuliana\.m2\repository\org\hamcrest\hamcrest\2.2\hamcrest-2.2.jar;C:\Users\trisni.yuliana\.m2\repository\org\ccil\cowan\tagsoup\tagsoup\1.2.1\tagsoup-1.2.1.jar;C:\Users\trisni.yuliana\.m2\repository\io\rest-assured\json-path\5.5.2\json-path-5.5.2.jar;C:\Users\trisni.yuliana\.m2\repository\org\apache\groovy\groovy-json\4.0.22\groovy-json-4.0.22.jar;C:\Users\trisni.yuliana\.m2\repository\io\rest-assured\rest-assured-common\5.5.2\rest-assured-common-5.5.2.jar;C:\Users\trisni.yuliana\.m2\repository\io\rest-assured\xml-path\5.5.2\xml-path-5.5.2.jar;C:\Users\trisni.yuliana\.m2\repository\org\apache\commons\commons-lang3\3.16.0\commons-lang3-3.16.0.jar;C:\Users\trisni.yuliana\.m2\repository\com\fasterxml\jackson\core\jackson-databind\2.19.0\jackson-databind-2.19.0.jar;C:\Users\trisni.yuliana\.m2\repository\com\fasterxml\jackson\core\jackson-annotations\2.19.0\jackson-annotations-2.19.0.jar;C:\Users\trisni.yuliana\.m2\repository\com\fasterxml\jackson\core\jackson-core\2.19.0\jackson-core-2.19.0.jar;"/>
    <property name="sun.cpu.endian" value="little"/>
    <property name="user.home" value="C:\Users\trisni.yuliana"/>
    <property name="user.language" value="en"/>
    <property name="java.specification.vendor" value="Oracle Corporation"/>
    <property name="java.version.date" value="2025-04-15"/>
    <property name="java.home" value="C:\Program Files\Java\jdk-24"/>
    <property name="file.separator" value="\"/>
    <property name="basedir" value="C:\Users\trisni.yuliana\Downloads\Bootcamp\apiautomation"/>
    <property name="java.vm.compressedOopsMode" value="Zero based"/>
    <property name="line.separator" value="&#10;"/>
    <property name="java.vm.specification.vendor" value="Oracle Corporation"/>
    <property name="java.specification.name" value="Java Platform API Specification"/>
    <property name="surefire.real.class.path" value="C:\Users\trisni.yuliana\AppData\Local\Temp\surefire16726715451849788061\surefirebooter-20250525170603347_3.jar"/>
    <property name="user.script" value=""/>
    <property name="sun.management.compiler" value="HotSpot 64-Bit Tiered Compilers"/>
    <property name="java.runtime.version" value="24.0.1+9-30"/>
    <property name="user.name" value="trisni.yuliana"/>
    <property name="stdout.encoding" value="Cp1252"/>
    <property name="path.separator" value=";"/>
    <property name="os.version" value="10.0"/>
    <property name="java.runtime.name" value="Java(TM) SE Runtime Environment"/>
    <property name="file.encoding" value="UTF-8"/>
    <property name="java.vm.name" value="Java HotSpot(TM) 64-Bit Server VM"/>
    <property name="maven.ext.class.path" value="C:\Users\trisni.yuliana\.vscode\extensions\oracle.oracle-java-24.0.0\nbcode\java\maven-nblib\netbeans-eventspy.jar"/>
    <property name="localRepository" value="C:\Users\trisni.yuliana\.m2\repository"/>
    <property name="java.vendor.url.bug" value="https://bugreport.java.com/bugreport/"/>
    <property name="java.io.tmpdir" value="C:\Users\TRISNI~1.YUL\AppData\Local\Temp\"/>
    <property name="java.version" value="24.0.1"/>
    <property name="user.dir" value="C:\Users\trisni.yuliana\Downloads\Bootcamp\apiautomation"/>
    <property name="os.arch" value="amd64"/>
    <property name="java.vm.specification.name" value="Java Virtual Machine Specification"/>
    <property name="sun.os.patch.level" value=""/>
    <property name="native.encoding" value="Cp1252"/>
    <property name="java.library.path" value="C:\Program Files\Java\jdk-24\bin;C:\Windows\Sun\Java\bin;C:\Windows\system32;C:\Windows;C:\Program Files\Common Files\Oracle\Java\javapath;C:\Program Files (x86)\VMware\VMware Player\bin\;C:\Windows\system32;C:\Windows;C:\Windows\System32\Wbem;C:\Windows\System32\WindowsPowerShell\v1.0\;C:\Windows\System32\OpenSSH\C:\Program Files\Java\jdk-24\bin;C:\Program Files\Maven\apache-maven-3.9.9\bin;C:\Program Files\Git\cmd;C:\Users\trisni.yuliana\AppData\Local\Microsoft\WindowsApps;C:\Users\trisni.yuliana\AppData\Local\Programs\Microsoft VS Code\bin;C:\Users\trisni.yuliana\.dotnet\tools;."/>
    <property name="java.vm.info" value="mixed mode, sharing"/>
    <property name="stderr.encoding" value="Cp1252"/>
    <property name="java.vendor" value="Oracle Corporation"/>
    <property name="java.vm.version" value="24.0.1+9-30"/>
    <property name="sun.io.unicode.encoding" value="UnicodeLittle"/>
    <property name="java.class.version" value="68.0"/>
  </properties>
  <testcase name="createNewObject" classname="pojo.PojoE2EImpl" time="0.768">
    <failure message="expected [2024] but found [2024]" type="java.lang.AssertionError"><![CDATA[java.lang.AssertionError: expected [2024] but found [2024]
	at org.testng.Assert.fail(Assert.java:111)
	at org.testng.Assert.failNotEquals(Assert.java:1590)
	at org.testng.Assert.assertEqualsImpl(Assert.java:150)
	at org.testng.Assert.assertEquals(Assert.java:132)
	at org.testng.Assert.assertEquals(Assert.java:644)
	at pojo.PojoE2EImpl.createNewObject(PojoE2EImpl.java:184)
	at java.base/jdk.internal.reflect.DirectMethodHandleAccessor.invoke(DirectMethodHandleAccessor.java:104)
	at java.base/java.lang.reflect.Method.invoke(Method.java:565)
	at org.testng.internal.invokers.MethodInvocationHelper.invokeMethod(MethodInvocationHelper.java:141)
	at org.testng.internal.invokers.TestInvoker.invokeMethod(TestInvoker.java:687)
	at org.testng.internal.invokers.TestInvoker.invokeTestMethod(TestInvoker.java:230)
	at org.testng.internal.invokers.MethodRunner.runInSequence(MethodRunner.java:63)
	at org.testng.internal.invokers.TestInvoker$MethodInvocationAgent.invoke(TestInvoker.java:995)
	at org.testng.internal.invokers.TestInvoker.invokeTestMethods(TestInvoker.java:203)
	at org.testng.internal.invokers.TestMethodWorker.invokeTestMethods(TestMethodWorker.java:154)
	at org.testng.internal.invokers.TestMethodWorker.run(TestMethodWorker.java:134)
	at java.base/java.util.ArrayList.forEach(ArrayList.java:1604)
	at org.testng.TestRunner.privateRun(TestRunner.java:741)
	at org.testng.TestRunner.run(TestRunner.java:616)
	at org.testng.SuiteRunner.runTest(SuiteRunner.java:421)
	at org.testng.SuiteRunner.runSequentially(SuiteRunner.java:413)
	at org.testng.SuiteRunner.privateRun(SuiteRunner.java:373)
	at org.testng.SuiteRunner.run(SuiteRunner.java:312)
	at org.testng.SuiteRunnerWorker.runSuite(SuiteRunnerWorker.java:52)
	at org.testng.SuiteRunnerWorker.run(SuiteRunnerWorker.java:95)
	at org.testng.TestNG.runSuitesSequentially(TestNG.java:1274)
	at org.testng.TestNG.runSuitesLocally(TestNG.java:1208)
	at org.testng.TestNG.runSuites(TestNG.java:1112)
	at org.testng.TestNG.run(TestNG.java:1079)
	at org.apache.maven.surefire.testng.TestNGExecutor.run(TestNGExecutor.java:155)
	at org.apache.maven.surefire.testng.TestNGDirectoryTestSuite.executeSingleClass(TestNGDirectoryTestSuite.java:102)
	at org.apache.maven.surefire.testng.TestNGDirectoryTestSuite.execute(TestNGDirectoryTestSuite.java:91)
	at org.apache.maven.surefire.testng.TestNGProvider.invoke(TestNGProvider.java:137)
	at org.apache.maven.surefire.booter.ForkedBooter.runSuitesInProcess(ForkedBooter.java:385)
	at org.apache.maven.surefire.booter.ForkedBooter.execute(ForkedBooter.java:162)
	at org.apache.maven.surefire.booter.ForkedBooter.run(ForkedBooter.java:507)
	at org.apache.maven.surefire.booter.ForkedBooter.main(ForkedBooter.java:495)
]]></failure>
    <system-out><![CDATA[Request method:	POST
Request URI:	https://whitesmokehouse.com/webhook/api/login
Proxy:			<none>
Request params:	<none>
Query params:	<none>
Form params:	<none>
Path params:	<none>
Headers:		Accept=*/*
				Content-Type=application/json
Cookies:		<none>
Multiparts:		<none>
Body:
{
    "email": "trisniy097@gmail.com",
    "password": "@dmin123"
}
Response: {
    "token": "eyJhbGciOiJIUzI1NiIsInR5cCI6IkpXVCJ9.eyJpZCI6IjMiLCJpYXQiOjE3NDgxNjc1NjZ9.jPTq_E8YyIsiuDrvQIWYRAwbVWPL4rdiqeUU_RB0X5c"
}
Token: eyJhbGciOiJIUzI1NiIsInR5cCI6IkpXVCJ9.eyJpZCI6IjMiLCJpYXQiOjE3NDgxNjc1NjZ9.jPTq_E8YyIsiuDrvQIWYRAwbVWPL4rdiqeUU_RB0X5c
Json String: {"name":"Lenovo K14","data":{"year":2024,"price":1849.99,"cpu_model":"Intel Core i9","hard_disk_size":"1 TB","capacity":"2 cpu","screen_size":"14 Inch","color":"black"}}
Request method:	POST
Request URI:	https://whitesmokehouse.com/webhook/api/objects
Proxy:			<none>
Request params:	<none>
Query params:	<none>
Form params:	<none>
Path params:	<none>
Headers:		Authorization=Bearer eyJhbGciOiJIUzI1NiIsInR5cCI6IkpXVCJ9.eyJpZCI6IjMiLCJpYXQiOjE3NDgxNjc1NjZ9.jPTq_E8YyIsiuDrvQIWYRAwbVWPL4rdiqeUU_RB0X5c
				Accept=*/*
				Content-Type=application/json
Cookies:		<none>
Multiparts:		<none>
Body:
{
    "name": "Lenovo K14",
    "data": {
        "year": 2024,
        "price": 1849.99,
        "cpu_model": "Intel Core i9",
        "hard_disk_size": "1 TB",
        "capacity": "2 cpu",
        "screen_size": "14 Inch",
        "color": "black"
    }
}
Id: 646
]]></system-out>
    <system-err><![CDATA[SLF4J(W): No SLF4J providers were found.
SLF4J(W): Defaulting to no-operation (NOP) logger implementation
SLF4J(W): See https://www.slf4j.org/codes.html#noProviders for further details.
]]></system-err>
  </testcase>
</testsuite>